DiagnosticsPlugin.exe Information: 0 : [2020-05-30 14:45:07] Starting DiagnosticPlugin.exe DiagnosticPlugin-ShutdownEvent DiagnosticPlugin-TotalShutdownEvent -wadVer1v5
DiagnosticsPlugin.exe Error: 0 : [2020-05-30 14:45:07] Failed to save IIS Directory state
DiagnosticsPlugin.exe Error: 0 : [2020-05-30 14:45:07] System.Runtime.InteropServices.COMException (0x80040154): Hämtningen av COM-klassfabriken för komponenten med CLSID {2B72133B-3F5B-4602-8952-803546CE3344} misslyckades på grund av följande fel: 80040154 Klassen har inte registrerats (Undantag från HRESULT: 0x80040154 (REGDB_E_CLASSNOTREG)).
   vid System.Runtime.Remoting.RemotingServices.AllocateUninitializedObject(RuntimeType objectType)
   vid System.Runtime.Remoting.Activation.ActivationServices.CreateInstance(RuntimeType serverType)
   vid System.Runtime.Remoting.Activation.ActivationServices.IsCurrentContextOK(RuntimeType serverType, Object[] props, Boolean bNewObj)
   vid System.RuntimeTypeHandle.CreateInstance(RuntimeType type, Boolean publicOnly, Boolean noCheck, Boolean& canBeCached, RuntimeMethodHandleInternal& ctor, Boolean& bNeedSecurityCheck)
   vid System.RuntimeType.CreateInstanceSlow(Boolean publicOnly, Boolean skipCheckThis, Boolean fillCache, StackCrawlMark& stackMark)
   vid System.Activator.CreateInstance[T]()
   vid Microsoft.Web.Administration.ConfigurationManager.CreateAdminManager[TClass,TInterface](WebConfigurationMap webConfigMap, Boolean isAdminConfig)
   vid Microsoft.Web.Administration.ConfigurationManager.CreateConfiguration(WebConfigurationMap configMap, String configPathToEdit, Boolean isAdminConfig)
   vid Microsoft.Web.Administration.ConfigurationManager.GetConfiguration(String rawConfigurationPath, String cacheKey, Boolean isAdminConfig)
   vid Microsoft.Web.Administration.ServerManager.get_SitesSection()
   vid Microsoft.Web.Administration.ServerManager.get_Sites()
   vid Microsoft.Azure.Plugins.Plugin.DiagnosticsPluginManager.SaveIISDirectoryState()
DiagnosticsPlugin.exe Information: 0 : [2020-05-30 14:45:07] Starting DiagnosticsPlugin
DiagnosticsPlugin.exe Information: 0 : [2020-05-30 14:45:07] Emulator config file set to C:\Users\Oskar\LightAnalysis\csx\Debug\roles\Backend\approot\diagnostics.wadcfgx
DiagnosticsPlugin.exe Information: 0 : [2020-05-30 14:45:07] DiagnosticsStoreRootPath set to: C:\Users\Oskar\AppData\Local\dftmp\Resources\daea437a-3edc-4a21-8974-29cffffdf46d
DiagnosticsPlugin.exe Information: 0 : [2020-05-30 14:45:07] Loading config file: C:\Users\Oskar\LightAnalysis\csx\Debug\roles\Backend\approot\diagnostics.wadcfgx
DiagnosticsPlugin.exe Information: 0 : [2020-05-30 14:45:07] Config file to read: C:\Users\Oskar\LightAnalysis\csx\Debug\roles\Backend\approot\diagnostics.wadcfgx
DiagnosticsPlugin.exe Information: 0 : [2020-05-30 14:45:07] Checking VM Type
DiagnosticsPlugin.exe Information: 0 : [2020-05-30 14:45:07] Emulator config file set to C:\Users\Oskar\LightAnalysis\csx\Debug\roles\Backend\approot\diagnostics.wadcfgx
DiagnosticsPlugin.exe Information: 0 : [2020-05-30 14:45:07] Extension set to Emulator Mode
DiagnosticsPlugin.exe Information: 0 : [2020-05-30 14:45:07] Reading XML configuration file
DiagnosticsPlugin.exe Information: 0 : [2020-05-30 14:45:07] Bypassing private config decryption
DiagnosticsPlugin.exe Information: 0 : [2020-05-30 14:45:07] WadCfg is provided in initial configuration. Using that to initialize Diagnostics.
DiagnosticsPlugin.exe Information: 0 : [2020-05-30 14:45:07] <PublicConfig xmlns="http://schemas.microsoft.com/ServiceHosting/2010/10/DiagnosticsConfiguration">
  <WadCfg>
    <DiagnosticMonitorConfiguration overallQuotaInMB="4096">
      <DiagnosticInfrastructureLogs scheduledTransferLogLevelFilter="Error" />
      <Logs scheduledTransferPeriod="PT1M" scheduledTransferLogLevelFilter="Error" />
      <Directories scheduledTransferPeriod="PT1M">
        <IISLogs containerName="wad-iis-logfiles" />
        <FailedRequestLogs containerName="wad-failedrequestlogs" />
      </Directories>
      <WindowsEventLog scheduledTransferPeriod="PT1M">
        <DataSource name="Application!*[System[(Level=1 or Level=2 or Level=3)]]" />
        <DataSource name="Windows Azure!*[System[(Level=1 or Level=2 or Level=3 or Level=4)]]" />
      </WindowsEventLog>
      <CrashDumps containerName="wad-crashdumps" dumpType="Mini">
        <CrashDumpConfiguration processName="WaIISHost.exe" />
        <CrashDumpConfiguration processName="WaWorkerHost.exe" />
        <CrashDumpConfiguration processName="w3wp.exe" />
      </CrashDumps>
      <PerformanceCounters scheduledTransferPeriod="PT1M">
        <PerformanceCounterConfiguration counterSpecifier="\Memory\Available MBytes" sampleRate="PT3M" />
        <PerformanceCounterConfiguration counterSpecifier="\Web Service(_Total)\ISAPI Extension Requests/sec" sampleRate="PT3M" />
        <PerformanceCounterConfiguration counterSpecifier="\Web Service(_Total)\Bytes Total/Sec" sampleRate="PT3M" />
        <PerformanceCounterConfiguration counterSpecifier="\ASP.NET Applications(__Total__)\Requests/Sec" sampleRate="PT3M" />
        <PerformanceCounterConfiguration counterSpecifier="\ASP.NET Applications(__Total__)\Errors Total/Sec" sampleRate="PT3M" />
        <PerformanceCounterConfiguration counterSpecifier="\ASP.NET\Requests Queued" sampleRate="PT3M" />
        <PerformanceCounterConfiguration counterSpecifier="\ASP.NET\Requests Rejected" sampleRate="PT3M" />
        <PerformanceCounterConfiguration counterSpecifier="\Processor(_Total)\% Processor Time" sampleRate="PT3M" />
      </PerformanceCounters>
    </DiagnosticMonitorConfiguration>
  </WadCfg>
  <StorageAccount>devstoreaccount1</StorageAccount>
</PublicConfig>
DiagnosticsPlugin.exe Information: 0 : [2020-05-30 14:45:07] Private setting is loaded
DiagnosticsPlugin.exe Information: 0 : [2020-05-30 14:45:07] Is config json/xml loaded
DiagnosticsPlugin.exe Information: 0 : [2020-05-30 14:45:07] Checking if configuration needs to be fetched from the storage account and doing so if needed.
DiagnosticsPlugin.exe Information: 0 : [2020-05-30 14:45:08] Successfully created checkpoint file C:\Users\Oskar\AppData\Local\dftmp\Resources\daea437a-3edc-4a21-8974-29cffffdf46d\WAD0105\Configuration\Checkpoint.txt
DiagnosticsPlugin.exe Information: 0 : [2020-05-30 14:45:08] Will use local resource directory C:\Users\Oskar\AppData\Local\dftmp\Resources\daea437a-3edc-4a21-8974-29cffffdf46d\WAD0105
DiagnosticsPlugin.exe Information: 0 : [2020-05-30 14:45:08] Will use endpoint https://core.windows.net for storage.
DiagnosticsPlugin.exe Information: 0 : [2020-05-30 14:45:09] Exception in creating the ServerManager; is IIS installed?
 Error:System.Runtime.InteropServices.COMException (0x80040154): Hämtningen av COM-klassfabriken för komponenten med CLSID {2B72133B-3F5B-4602-8952-803546CE3344} misslyckades på grund av följande fel: 80040154 Klassen har inte registrerats (Undantag från HRESULT: 0x80040154 (REGDB_E_CLASSNOTREG)).
   vid System.Runtime.Remoting.RemotingServices.AllocateUninitializedObject(RuntimeType objectType)
   vid System.Runtime.Remoting.Activation.ActivationServices.CreateInstance(RuntimeType serverType)
   vid System.Runtime.Remoting.Activation.ActivationServices.IsCurrentContextOK(RuntimeType serverType, Object[] props, Boolean bNewObj)
   vid System.RuntimeTypeHandle.CreateInstance(RuntimeType type, Boolean publicOnly, Boolean noCheck, Boolean& canBeCached, RuntimeMethodHandleInternal& ctor, Boolean& bNeedSecurityCheck)
   vid System.RuntimeType.CreateInstanceSlow(Boolean publicOnly, Boolean skipCheckThis, Boolean fillCache, StackCrawlMark& stackMark)
   vid System.Activator.CreateInstance[T]()
   vid Microsoft.Web.Administration.ConfigurationManager.CreateAdminManager[TClass,TInterface](WebConfigurationMap webConfigMap, Boolean isAdminConfig)
   vid Microsoft.Web.Administration.ConfigurationManager.CreateConfiguration(WebConfigurationMap configMap, String configPathToEdit, Boolean isAdminConfig)
   vid Microsoft.Web.Administration.ConfigurationManager.GetConfiguration(String rawConfigurationPath, String cacheKey, Boolean isAdminConfig)
   vid Microsoft.Web.Administration.ServerManager.get_SitesSection()
   vid Microsoft.Web.Administration.ServerManager.get_Sites()
   vid Microsoft.Azure.Plugins.Plugin.WadConfigProcessor.AddDirectories(EventsType mdsEvents, Directories wadDirectories)
DiagnosticsPlugin.exe Information: 0 : [2020-05-30 14:45:09] Running in emulator mode, crash dumps not enabled
DiagnosticsPlugin.exe Information: 0 : [2020-05-30 14:45:09] Checking to see if Application Insights extension needs to be configured.
DiagnosticsPlugin.exe Information: 0 : [2020-05-30 14:45:10] In emulator mode and using devstore updating XStoreAccount info, command line args: -LocalPath "C:\Users\Oskar\AppData\Local\dftmp\Resources\daea437a-3edc-4a21-8974-29cffffdf46d\WAD0105"  -ConfigFile "C:\Users\Oskar\AppData\Local\dftmp\Resources\daea437a-3edc-4a21-8974-29cffffdf46d\WAD0105\Configuration\MaConfig.xml" -ShutDownEvent WADDM-ShutDown-f070cb55cc3e469388512f9bdf4dceb0  -TotalShutDownEvent WADDM-TotalShutDown-f070cb55cc3e469388512f9bdf4dceb0 -InitializedEvent WADM-StartUp-f070cb55cc3e469388512f9bdf4dceb0 -parent 15724 -events -wadVer1v5 -UseProxyServer -XStoreAccounts WadAccount#true#devstoreaccount1#Eby8vdM02xNOcqFlqUwJPLlmEtlCDXJ1OUzFT50uSRZ6IFsuFq2UVErCz4I6tq/K1SZFPTOtr/KBHBeksoGMGw==#http://127.0.0.1:10002#http://127.0.0.1:10001#http://127.0.0.1:10000
DiagnosticsPlugin.exe Error: 0 : [2020-05-30 14:45:40] Microsoft.Cis.Monitoring.Query.QueryException: ErrorFail
   vid Microsoft.Cis.Monitoring.Query.QueryLocalTable..ctor(String TableName, String TablePath)
   vid ApplicationInsightsExtension.MATableReader.ReadTableRecords(String tableName, String tablePath, DateTime startTime, DateTime endTime)
   vid Microsoft.Azure.Plugins.Diagnostics.dll.MAStatusWriter.UpdateStatusReport(Object sender, ElapsedEventArgs e)
DiagnosticsPlugin.exe Information: 0 : [2020-05-30 14:46:10] MonAgentHost.exe started
DiagnosticsPlugin.exe Information: 0 : [2020-05-30 14:46:10] DiagnoticsPlugin started.
DiagnosticsPlugin.exe Information: 0 : [2020-05-30 14:46:10] DiagnoticsPlugin now waiting on events "DiagnosticPlugin-ShutdownEvent", "DiagnosticPlugin-TotalShutdownEvent" or "DiagnosticPlugin-RestartEvent".
DiagnosticsPlugin.exe Error: 0 : [2020-05-30 14:46:10] Microsoft.Cis.Monitoring.Query.QueryException: ErrorFail
   vid Microsoft.Cis.Monitoring.Query.QueryLocalTable..ctor(String TableName, String TablePath)
   vid ApplicationInsightsExtension.MATableReader.ReadTableRecords(String tableName, String tablePath, DateTime startTime, DateTime endTime)
   vid Microsoft.Azure.Plugins.Diagnostics.dll.MAStatusWriter.UpdateStatusReport(Object sender, ElapsedEventArgs e)
DiagnosticsPlugin.exe Error: 0 : [2020-05-30 14:46:40] Microsoft.Cis.Monitoring.Query.QueryException: ErrorFail
   vid Microsoft.Cis.Monitoring.Query.QueryLocalTable..ctor(String TableName, String TablePath)
   vid ApplicationInsightsExtension.MATableReader.ReadTableRecords(String tableName, String tablePath, DateTime startTime, DateTime endTime)
   vid Microsoft.Azure.Plugins.Diagnostics.dll.MAStatusWriter.UpdateStatusReport(Object sender, ElapsedEventArgs e)
DiagnosticsPlugin.exe Information: 0 : [2020-05-30 14:47:07] Failed to update IIS Directory state in directory monitor
Hämtningen av COM-klassfabriken för komponenten med CLSID {2B72133B-3F5B-4602-8952-803546CE3344} misslyckades på grund av följande fel: 80040154 Klassen har inte registrerats (Undantag från HRESULT: 0x80040154 (REGDB_E_CLASSNOTREG)).
DiagnosticsPlugin.exe Error: 0 : [2020-05-30 14:47:10] Microsoft.Cis.Monitoring.Query.QueryException: ErrorFail
   vid Microsoft.Cis.Monitoring.Query.QueryLocalTable..ctor(String TableName, String TablePath)
   vid ApplicationInsightsExtension.MATableReader.ReadTableRecords(String tableName, String tablePath, DateTime startTime, DateTime endTime)
   vid Microsoft.Azure.Plugins.Diagnostics.dll.MAStatusWriter.UpdateStatusReport(Object sender, ElapsedEventArgs e)
DiagnosticsPlugin.exe Error: 0 : [2020-05-30 14:47:40] Microsoft.Cis.Monitoring.Query.QueryException: ErrorFail
   vid Microsoft.Cis.Monitoring.Query.QueryLocalTable..ctor(String TableName, String TablePath)
   vid ApplicationInsightsExtension.MATableReader.ReadTableRecords(String tableName, String tablePath, DateTime startTime, DateTime endTime)
   vid Microsoft.Azure.Plugins.Diagnostics.dll.MAStatusWriter.UpdateStatusReport(Object sender, ElapsedEventArgs e)
