<<<<<<< HEAD
DiagnosticsPlugin.exe Information: 0 : [2020-06-07 12:18:09] Starting DiagnosticPlugin.exe DiagnosticPlugin-ShutdownEvent DiagnosticPlugin-TotalShutdownEvent -wadVer1v5
DiagnosticsPlugin.exe Error: 0 : [2020-06-07 12:18:09] Failed to save IIS Directory state
DiagnosticsPlugin.exe Error: 0 : [2020-06-07 12:18:09] System.Runtime.InteropServices.COMException (0x80040154): Hämtningen av COM-klassfabriken för komponenten med CLSID {2B72133B-3F5B-4602-8952-803546CE3344} misslyckades på grund av följande fel: 80040154 Klassen har inte registrerats (Undantag från HRESULT: 0x80040154 (REGDB_E_CLASSNOTREG)).
   vid System.Runtime.Remoting.RemotingServices.AllocateUninitializedObject(RuntimeType objectType)
   vid System.Runtime.Remoting.Activation.ActivationServices.CreateInstance(RuntimeType serverType)
   vid System.Runtime.Remoting.Activation.ActivationServices.IsCurrentContextOK(RuntimeType serverType, Object[] props, Boolean bNewObj)
   vid System.RuntimeTypeHandle.CreateInstance(RuntimeType type, Boolean publicOnly, Boolean noCheck, Boolean& canBeCached, RuntimeMethodHandleInternal& ctor, Boolean& bNeedSecurityCheck)
   vid System.RuntimeType.CreateInstanceSlow(Boolean publicOnly, Boolean skipCheckThis, Boolean fillCache, StackCrawlMark& stackMark)
   vid System.Activator.CreateInstance[T]()
   vid Microsoft.Web.Administration.ConfigurationManager.CreateAdminManager[TClass,TInterface](WebConfigurationMap webConfigMap, Boolean isAdminConfig)
   vid Microsoft.Web.Administration.ConfigurationManager.CreateConfiguration(WebConfigurationMap configMap, String configPathToEdit, Boolean isAdminConfig)
   vid Microsoft.Web.Administration.ConfigurationManager.GetConfiguration(String rawConfigurationPath, String cacheKey, Boolean isAdminConfig)
   vid Microsoft.Web.Administration.ServerManager.get_SitesSection()
   vid Microsoft.Web.Administration.ServerManager.get_Sites()
   vid Microsoft.Azure.Plugins.Plugin.DiagnosticsPluginManager.SaveIISDirectoryState()
DiagnosticsPlugin.exe Information: 0 : [2020-06-07 12:18:09] Starting DiagnosticsPlugin
DiagnosticsPlugin.exe Information: 0 : [2020-06-07 12:18:09] Emulator config file set to C:\Users\Oskar\LightAnalysis\csx\Debug\roles\Frontend\approot\diagnostics.wadcfgx
DiagnosticsPlugin.exe Information: 0 : [2020-06-07 12:18:09] DiagnosticsStoreRootPath set to: C:\Users\Oskar\AppData\Local\dftmp\Resources\20752a76-ddb4-44d7-a4c4-112fe5e80d2f
DiagnosticsPlugin.exe Information: 0 : [2020-06-07 12:18:09] Loading config file: C:\Users\Oskar\LightAnalysis\csx\Debug\roles\Frontend\approot\diagnostics.wadcfgx
DiagnosticsPlugin.exe Information: 0 : [2020-06-07 12:18:09] Config file to read: C:\Users\Oskar\LightAnalysis\csx\Debug\roles\Frontend\approot\diagnostics.wadcfgx
DiagnosticsPlugin.exe Information: 0 : [2020-06-07 12:18:09] Checking VM Type
DiagnosticsPlugin.exe Information: 0 : [2020-06-07 12:18:09] Emulator config file set to C:\Users\Oskar\LightAnalysis\csx\Debug\roles\Frontend\approot\diagnostics.wadcfgx
DiagnosticsPlugin.exe Information: 0 : [2020-06-07 12:18:09] Extension set to Emulator Mode
DiagnosticsPlugin.exe Information: 0 : [2020-06-07 12:18:09] Reading XML configuration file
DiagnosticsPlugin.exe Information: 0 : [2020-06-07 12:18:09] Bypassing private config decryption
DiagnosticsPlugin.exe Information: 0 : [2020-06-07 12:18:09] WadCfg is provided in initial configuration. Using that to initialize Diagnostics.
DiagnosticsPlugin.exe Information: 0 : [2020-06-07 12:18:09] <PublicConfig xmlns="http://schemas.microsoft.com/ServiceHosting/2010/10/DiagnosticsConfiguration">
=======
DiagnosticsPlugin.exe Information: 0 : [2020-06-08 09:49:55] Starting DiagnosticPlugin.exe DiagnosticPlugin-ShutdownEvent DiagnosticPlugin-TotalShutdownEvent -wadVer1v5
DiagnosticsPlugin.exe Error: 0 : [2020-06-08 09:49:55] Failed to save IIS Directory state
DiagnosticsPlugin.exe Error: 0 : [2020-06-08 09:49:55] System.Runtime.InteropServices.COMException (0x80040154): Retrieving the COM class factory for component with CLSID {2B72133B-3F5B-4602-8952-803546CE3344} failed due to the following error: 80040154 Class not registered (Exception from HRESULT: 0x80040154 (REGDB_E_CLASSNOTREG)).
   at System.Runtime.Remoting.RemotingServices.AllocateUninitializedObject(RuntimeType objectType)
   at System.Runtime.Remoting.Activation.ActivationServices.CreateInstance(RuntimeType serverType)
   at System.Runtime.Remoting.Activation.ActivationServices.IsCurrentContextOK(RuntimeType serverType, Object[] props, Boolean bNewObj)
   at System.RuntimeTypeHandle.CreateInstance(RuntimeType type, Boolean publicOnly, Boolean noCheck, Boolean& canBeCached, RuntimeMethodHandleInternal& ctor, Boolean& bNeedSecurityCheck)
   at System.RuntimeType.CreateInstanceSlow(Boolean publicOnly, Boolean skipCheckThis, Boolean fillCache, StackCrawlMark& stackMark)
   at System.Activator.CreateInstance[T]()
   at Microsoft.Web.Administration.ConfigurationManager.CreateAdminManager[TClass,TInterface](WebConfigurationMap webConfigMap, Boolean isAdminConfig)
   at Microsoft.Web.Administration.ConfigurationManager.CreateConfiguration(WebConfigurationMap configMap, String configPathToEdit, Boolean isAdminConfig)
   at Microsoft.Web.Administration.ConfigurationManager.GetConfiguration(String rawConfigurationPath, String cacheKey, Boolean isAdminConfig)
   at Microsoft.Web.Administration.ServerManager.get_SitesSection()
   at Microsoft.Web.Administration.ServerManager.get_Sites()
   at Microsoft.Azure.Plugins.Plugin.DiagnosticsPluginManager.SaveIISDirectoryState()
DiagnosticsPlugin.exe Information: 0 : [2020-06-08 09:49:55] Starting DiagnosticsPlugin
DiagnosticsPlugin.exe Information: 0 : [2020-06-08 09:49:55] Emulator config file set to C:\Users\Ralle\Desktop\New folder (2)\LightAnalysis\csx\Debug\roles\Frontend\approot\diagnostics.wadcfgx
DiagnosticsPlugin.exe Information: 0 : [2020-06-08 09:49:55] DiagnosticsStoreRootPath set to: C:\Users\Ralle\AppData\Local\dftmp\Resources\eb509669-0cf4-4e1c-9c63-4cc1c16bb42e
DiagnosticsPlugin.exe Information: 0 : [2020-06-08 09:49:55] Loading config file: C:\Users\Ralle\Desktop\New folder (2)\LightAnalysis\csx\Debug\roles\Frontend\approot\diagnostics.wadcfgx
DiagnosticsPlugin.exe Information: 0 : [2020-06-08 09:49:55] Config file to read: C:\Users\Ralle\Desktop\New folder (2)\LightAnalysis\csx\Debug\roles\Frontend\approot\diagnostics.wadcfgx
DiagnosticsPlugin.exe Information: 0 : [2020-06-08 09:49:55] Checking VM Type
DiagnosticsPlugin.exe Information: 0 : [2020-06-08 09:49:55] Emulator config file set to C:\Users\Ralle\Desktop\New folder (2)\LightAnalysis\csx\Debug\roles\Frontend\approot\diagnostics.wadcfgx
DiagnosticsPlugin.exe Information: 0 : [2020-06-08 09:49:55] Extension set to Emulator Mode
DiagnosticsPlugin.exe Information: 0 : [2020-06-08 09:49:55] Reading XML configuration file
DiagnosticsPlugin.exe Information: 0 : [2020-06-08 09:49:55] Bypassing private config decryption
DiagnosticsPlugin.exe Information: 0 : [2020-06-08 09:49:55] WadCfg is provided in initial configuration. Using that to initialize Diagnostics.
DiagnosticsPlugin.exe Information: 0 : [2020-06-08 09:49:55] <PublicConfig xmlns="http://schemas.microsoft.com/ServiceHosting/2010/10/DiagnosticsConfiguration">
>>>>>>> 3d7a0226bf1494f341873206b875ca42a23143bb
  <WadCfg>
    <DiagnosticMonitorConfiguration overallQuotaInMB="4096">
      <DiagnosticInfrastructureLogs scheduledTransferLogLevelFilter="Error" />
      <Logs scheduledTransferPeriod="PT1M" scheduledTransferLogLevelFilter="Error" />
      <Directories scheduledTransferPeriod="PT1M">
        <IISLogs containerName="wad-iis-logfiles" />
        <FailedRequestLogs containerName="wad-failedrequestlogs" />
      </Directories>
      <WindowsEventLog scheduledTransferPeriod="PT1M">
        <DataSource name="Application!*[System[(Level=1 or Level=2 or Level=3)]]" />
        <DataSource name="Windows Azure!*[System[(Level=1 or Level=2 or Level=3 or Level=4)]]" />
      </WindowsEventLog>
      <CrashDumps containerName="wad-crashdumps" dumpType="Mini">
        <CrashDumpConfiguration processName="WaIISHost.exe" />
        <CrashDumpConfiguration processName="WaWorkerHost.exe" />
        <CrashDumpConfiguration processName="w3wp.exe" />
      </CrashDumps>
      <PerformanceCounters scheduledTransferPeriod="PT1M">
        <PerformanceCounterConfiguration counterSpecifier="\Memory\Available MBytes" sampleRate="PT3M" />
        <PerformanceCounterConfiguration counterSpecifier="\Web Service(_Total)\ISAPI Extension Requests/sec" sampleRate="PT3M" />
        <PerformanceCounterConfiguration counterSpecifier="\Web Service(_Total)\Bytes Total/Sec" sampleRate="PT3M" />
        <PerformanceCounterConfiguration counterSpecifier="\ASP.NET Applications(__Total__)\Requests/Sec" sampleRate="PT3M" />
        <PerformanceCounterConfiguration counterSpecifier="\ASP.NET Applications(__Total__)\Errors Total/Sec" sampleRate="PT3M" />
        <PerformanceCounterConfiguration counterSpecifier="\ASP.NET\Requests Queued" sampleRate="PT3M" />
        <PerformanceCounterConfiguration counterSpecifier="\ASP.NET\Requests Rejected" sampleRate="PT3M" />
        <PerformanceCounterConfiguration counterSpecifier="\Processor(_Total)\% Processor Time" sampleRate="PT3M" />
      </PerformanceCounters>
    </DiagnosticMonitorConfiguration>
  </WadCfg>
  <StorageAccount>devstoreaccount1</StorageAccount>
</PublicConfig>
<<<<<<< HEAD
DiagnosticsPlugin.exe Information: 0 : [2020-06-07 12:18:09] Private setting is loaded
DiagnosticsPlugin.exe Information: 0 : [2020-06-07 12:18:09] Is config json/xml loaded
DiagnosticsPlugin.exe Information: 0 : [2020-06-07 12:18:09] Checking if configuration needs to be fetched from the storage account and doing so if needed.
DiagnosticsPlugin.exe Information: 0 : [2020-06-07 12:18:10] Successfully created checkpoint file C:\Users\Oskar\AppData\Local\dftmp\Resources\20752a76-ddb4-44d7-a4c4-112fe5e80d2f\WAD0105\Configuration\Checkpoint.txt
DiagnosticsPlugin.exe Information: 0 : [2020-06-07 12:18:10] Will use local resource directory C:\Users\Oskar\AppData\Local\dftmp\Resources\20752a76-ddb4-44d7-a4c4-112fe5e80d2f\WAD0105
DiagnosticsPlugin.exe Information: 0 : [2020-06-07 12:18:10] Will use endpoint https://core.windows.net for storage.
DiagnosticsPlugin.exe Information: 0 : [2020-06-07 12:18:11] Exception in creating the ServerManager; is IIS installed?
 Error:System.Runtime.InteropServices.COMException (0x80040154): Hämtningen av COM-klassfabriken för komponenten med CLSID {2B72133B-3F5B-4602-8952-803546CE3344} misslyckades på grund av följande fel: 80040154 Klassen har inte registrerats (Undantag från HRESULT: 0x80040154 (REGDB_E_CLASSNOTREG)).
   vid System.Runtime.Remoting.RemotingServices.AllocateUninitializedObject(RuntimeType objectType)
   vid System.Runtime.Remoting.Activation.ActivationServices.CreateInstance(RuntimeType serverType)
   vid System.Runtime.Remoting.Activation.ActivationServices.IsCurrentContextOK(RuntimeType serverType, Object[] props, Boolean bNewObj)
   vid System.RuntimeTypeHandle.CreateInstance(RuntimeType type, Boolean publicOnly, Boolean noCheck, Boolean& canBeCached, RuntimeMethodHandleInternal& ctor, Boolean& bNeedSecurityCheck)
   vid System.RuntimeType.CreateInstanceSlow(Boolean publicOnly, Boolean skipCheckThis, Boolean fillCache, StackCrawlMark& stackMark)
   vid System.Activator.CreateInstance[T]()
   vid Microsoft.Web.Administration.ConfigurationManager.CreateAdminManager[TClass,TInterface](WebConfigurationMap webConfigMap, Boolean isAdminConfig)
   vid Microsoft.Web.Administration.ConfigurationManager.CreateConfiguration(WebConfigurationMap configMap, String configPathToEdit, Boolean isAdminConfig)
   vid Microsoft.Web.Administration.ConfigurationManager.GetConfiguration(String rawConfigurationPath, String cacheKey, Boolean isAdminConfig)
   vid Microsoft.Web.Administration.ServerManager.get_SitesSection()
   vid Microsoft.Web.Administration.ServerManager.get_Sites()
   vid Microsoft.Azure.Plugins.Plugin.WadConfigProcessor.AddDirectories(EventsType mdsEvents, Directories wadDirectories)
DiagnosticsPlugin.exe Information: 0 : [2020-06-07 12:18:11] Running in emulator mode, crash dumps not enabled
DiagnosticsPlugin.exe Information: 0 : [2020-06-07 12:18:11] Checking to see if Application Insights extension needs to be configured.
DiagnosticsPlugin.exe Information: 0 : [2020-06-07 12:18:12] In emulator mode and using devstore updating XStoreAccount info, command line args: -LocalPath "C:\Users\Oskar\AppData\Local\dftmp\Resources\20752a76-ddb4-44d7-a4c4-112fe5e80d2f\WAD0105"  -ConfigFile "C:\Users\Oskar\AppData\Local\dftmp\Resources\20752a76-ddb4-44d7-a4c4-112fe5e80d2f\WAD0105\Configuration\MaConfig.xml" -ShutDownEvent WADDM-ShutDown-015776aa52d9453c8995ebc5c1383da8  -TotalShutDownEvent WADDM-TotalShutDown-015776aa52d9453c8995ebc5c1383da8 -InitializedEvent WADM-StartUp-015776aa52d9453c8995ebc5c1383da8 -parent 17152 -events -wadVer1v5 -UseProxyServer -XStoreAccounts WadAccount#true#devstoreaccount1#Eby8vdM02xNOcqFlqUwJPLlmEtlCDXJ1OUzFT50uSRZ6IFsuFq2UVErCz4I6tq/K1SZFPTOtr/KBHBeksoGMGw==#http://127.0.0.1:10002#http://127.0.0.1:10001#http://127.0.0.1:10000
DiagnosticsPlugin.exe Error: 0 : [2020-06-07 12:18:44] Microsoft.Cis.Monitoring.Query.QueryException: ErrorFail
   vid Microsoft.Cis.Monitoring.Query.QueryLocalTable..ctor(String TableName, String TablePath)
   vid ApplicationInsightsExtension.MATableReader.ReadTableRecords(String tableName, String tablePath, DateTime startTime, DateTime endTime)
   vid Microsoft.Azure.Plugins.Diagnostics.dll.MAStatusWriter.UpdateStatusReport(Object sender, ElapsedEventArgs e)
DiagnosticsPlugin.exe Information: 0 : [2020-06-07 12:19:12] MonAgentHost.exe started
DiagnosticsPlugin.exe Information: 0 : [2020-06-07 12:19:12] DiagnoticsPlugin started.
DiagnosticsPlugin.exe Information: 0 : [2020-06-07 12:19:12] DiagnoticsPlugin now waiting on events "DiagnosticPlugin-ShutdownEvent", "DiagnosticPlugin-TotalShutdownEvent" or "DiagnosticPlugin-RestartEvent".
DiagnosticsPlugin.exe Error: 0 : [2020-06-07 12:19:12] Microsoft.Cis.Monitoring.Query.QueryException: ErrorFail
   vid Microsoft.Cis.Monitoring.Query.QueryLocalTable..ctor(String TableName, String TablePath)
   vid ApplicationInsightsExtension.MATableReader.ReadTableRecords(String tableName, String tablePath, DateTime startTime, DateTime endTime)
   vid Microsoft.Azure.Plugins.Diagnostics.dll.MAStatusWriter.UpdateStatusReport(Object sender, ElapsedEventArgs e)
DiagnosticsPlugin.exe Error: 0 : [2020-06-07 12:19:42] Microsoft.Cis.Monitoring.Query.QueryException: ErrorFail
   vid Microsoft.Cis.Monitoring.Query.QueryLocalTable..ctor(String TableName, String TablePath)
   vid ApplicationInsightsExtension.MATableReader.ReadTableRecords(String tableName, String tablePath, DateTime startTime, DateTime endTime)
   vid Microsoft.Azure.Plugins.Diagnostics.dll.MAStatusWriter.UpdateStatusReport(Object sender, ElapsedEventArgs e)
=======
DiagnosticsPlugin.exe Information: 0 : [2020-06-08 09:49:55] Private setting is loaded
DiagnosticsPlugin.exe Information: 0 : [2020-06-08 09:49:55] Is config json/xml loaded
DiagnosticsPlugin.exe Information: 0 : [2020-06-08 09:49:55] Checking if configuration needs to be fetched from the storage account and doing so if needed.
DiagnosticsPlugin.exe Information: 0 : [2020-06-08 09:49:55] Successfully created checkpoint file C:\Users\Ralle\AppData\Local\dftmp\Resources\eb509669-0cf4-4e1c-9c63-4cc1c16bb42e\WAD0105\Configuration\Checkpoint.txt
DiagnosticsPlugin.exe Information: 0 : [2020-06-08 09:49:55] Will use local resource directory C:\Users\Ralle\AppData\Local\dftmp\Resources\eb509669-0cf4-4e1c-9c63-4cc1c16bb42e\WAD0105
DiagnosticsPlugin.exe Information: 0 : [2020-06-08 09:49:55] Will use endpoint https://core.windows.net for storage.
DiagnosticsPlugin.exe Information: 0 : [2020-06-08 09:49:56] Exception in creating the ServerManager; is IIS installed?
 Error:System.Runtime.InteropServices.COMException (0x80040154): Retrieving the COM class factory for component with CLSID {2B72133B-3F5B-4602-8952-803546CE3344} failed due to the following error: 80040154 Class not registered (Exception from HRESULT: 0x80040154 (REGDB_E_CLASSNOTREG)).
   at System.Runtime.Remoting.RemotingServices.AllocateUninitializedObject(RuntimeType objectType)
   at System.Runtime.Remoting.Activation.ActivationServices.CreateInstance(RuntimeType serverType)
   at System.Runtime.Remoting.Activation.ActivationServices.IsCurrentContextOK(RuntimeType serverType, Object[] props, Boolean bNewObj)
   at System.RuntimeTypeHandle.CreateInstance(RuntimeType type, Boolean publicOnly, Boolean noCheck, Boolean& canBeCached, RuntimeMethodHandleInternal& ctor, Boolean& bNeedSecurityCheck)
   at System.RuntimeType.CreateInstanceSlow(Boolean publicOnly, Boolean skipCheckThis, Boolean fillCache, StackCrawlMark& stackMark)
   at System.Activator.CreateInstance[T]()
   at Microsoft.Web.Administration.ConfigurationManager.CreateAdminManager[TClass,TInterface](WebConfigurationMap webConfigMap, Boolean isAdminConfig)
   at Microsoft.Web.Administration.ConfigurationManager.CreateConfiguration(WebConfigurationMap configMap, String configPathToEdit, Boolean isAdminConfig)
   at Microsoft.Web.Administration.ConfigurationManager.GetConfiguration(String rawConfigurationPath, String cacheKey, Boolean isAdminConfig)
   at Microsoft.Web.Administration.ServerManager.get_SitesSection()
   at Microsoft.Web.Administration.ServerManager.get_Sites()
   at Microsoft.Azure.Plugins.Plugin.WadConfigProcessor.AddDirectories(EventsType mdsEvents, Directories wadDirectories)
DiagnosticsPlugin.exe Information: 0 : [2020-06-08 09:49:56] Running in emulator mode, crash dumps not enabled
DiagnosticsPlugin.exe Information: 0 : [2020-06-08 09:49:56] Checking to see if Application Insights extension needs to be configured.
DiagnosticsPlugin.exe Information: 0 : [2020-06-08 09:49:57] In emulator mode and using devstore updating XStoreAccount info, command line args: -LocalPath "C:\Users\Ralle\AppData\Local\dftmp\Resources\eb509669-0cf4-4e1c-9c63-4cc1c16bb42e\WAD0105"  -ConfigFile "C:\Users\Ralle\AppData\Local\dftmp\Resources\eb509669-0cf4-4e1c-9c63-4cc1c16bb42e\WAD0105\Configuration\MaConfig.xml" -ShutDownEvent WADDM-ShutDown-5f9e593ffaa14993a279621a21a5d812  -TotalShutDownEvent WADDM-TotalShutDown-5f9e593ffaa14993a279621a21a5d812 -InitializedEvent WADM-StartUp-5f9e593ffaa14993a279621a21a5d812 -parent 22932 -events -wadVer1v5 -UseProxyServer -XStoreAccounts WadAccount#true#devstoreaccount1#Eby8vdM02xNOcqFlqUwJPLlmEtlCDXJ1OUzFT50uSRZ6IFsuFq2UVErCz4I6tq/K1SZFPTOtr/KBHBeksoGMGw==#http://127.0.0.1:10002#http://127.0.0.1:10001#http://127.0.0.1:10000
DiagnosticsPlugin.exe Error: 0 : [2020-06-08 09:50:27] Microsoft.Cis.Monitoring.Query.QueryException: ErrorFail
   at Microsoft.Cis.Monitoring.Query.QueryLocalTable..ctor(String TableName, String TablePath)
   at ApplicationInsightsExtension.MATableReader.ReadTableRecords(String tableName, String tablePath, DateTime startTime, DateTime endTime)
   at Microsoft.Azure.Plugins.Diagnostics.dll.MAStatusWriter.UpdateStatusReport(Object sender, ElapsedEventArgs e)
DiagnosticsPlugin.exe Information: 0 : [2020-06-08 09:50:57] MonAgentHost.exe started
DiagnosticsPlugin.exe Information: 0 : [2020-06-08 09:50:57] DiagnoticsPlugin started.
DiagnosticsPlugin.exe Information: 0 : [2020-06-08 09:50:57] DiagnoticsPlugin now waiting on events "DiagnosticPlugin-ShutdownEvent", "DiagnosticPlugin-TotalShutdownEvent" or "DiagnosticPlugin-RestartEvent".
DiagnosticsPlugin.exe Error: 0 : [2020-06-08 09:50:57] Microsoft.Cis.Monitoring.Query.QueryException: ErrorFail
   at Microsoft.Cis.Monitoring.Query.QueryLocalTable..ctor(String TableName, String TablePath)
   at ApplicationInsightsExtension.MATableReader.ReadTableRecords(String tableName, String tablePath, DateTime startTime, DateTime endTime)
   at Microsoft.Azure.Plugins.Diagnostics.dll.MAStatusWriter.UpdateStatusReport(Object sender, ElapsedEventArgs e)
DiagnosticsPlugin.exe Error: 0 : [2020-06-08 09:51:27] Microsoft.Cis.Monitoring.Query.QueryException: ErrorFail
   at Microsoft.Cis.Monitoring.Query.QueryLocalTable..ctor(String TableName, String TablePath)
   at ApplicationInsightsExtension.MATableReader.ReadTableRecords(String tableName, String tablePath, DateTime startTime, DateTime endTime)
   at Microsoft.Azure.Plugins.Diagnostics.dll.MAStatusWriter.UpdateStatusReport(Object sender, ElapsedEventArgs e)
DiagnosticsPlugin.exe Information: 0 : [2020-06-08 09:51:55] Failed to update IIS Directory state in directory monitor
Retrieving the COM class factory for component with CLSID {2B72133B-3F5B-4602-8952-803546CE3344} failed due to the following error: 80040154 Class not registered (Exception from HRESULT: 0x80040154 (REGDB_E_CLASSNOTREG)).
DiagnosticsPlugin.exe Error: 0 : [2020-06-08 09:51:57] Microsoft.Cis.Monitoring.Query.QueryException: ErrorFail
   at Microsoft.Cis.Monitoring.Query.QueryLocalTable..ctor(String TableName, String TablePath)
   at ApplicationInsightsExtension.MATableReader.ReadTableRecords(String tableName, String tablePath, DateTime startTime, DateTime endTime)
   at Microsoft.Azure.Plugins.Diagnostics.dll.MAStatusWriter.UpdateStatusReport(Object sender, ElapsedEventArgs e)
DiagnosticsPlugin.exe Error: 0 : [2020-06-08 09:52:27] Microsoft.Cis.Monitoring.Query.QueryException: ErrorFail
   at Microsoft.Cis.Monitoring.Query.QueryLocalTable..ctor(String TableName, String TablePath)
   at ApplicationInsightsExtension.MATableReader.ReadTableRecords(String tableName, String tablePath, DateTime startTime, DateTime endTime)
   at Microsoft.Azure.Plugins.Diagnostics.dll.MAStatusWriter.UpdateStatusReport(Object sender, ElapsedEventArgs e)
DiagnosticsPlugin.exe Error: 0 : [2020-06-08 09:52:57] Microsoft.Cis.Monitoring.Query.QueryException: ErrorFail
   at Microsoft.Cis.Monitoring.Query.QueryLocalTable..ctor(String TableName, String TablePath)
   at ApplicationInsightsExtension.MATableReader.ReadTableRecords(String tableName, String tablePath, DateTime startTime, DateTime endTime)
   at Microsoft.Azure.Plugins.Diagnostics.dll.MAStatusWriter.UpdateStatusReport(Object sender, ElapsedEventArgs e)
DiagnosticsPlugin.exe Error: 0 : [2020-06-08 09:53:27] Microsoft.Cis.Monitoring.Query.QueryException: ErrorFail
   at Microsoft.Cis.Monitoring.Query.QueryLocalTable..ctor(String TableName, String TablePath)
   at ApplicationInsightsExtension.MATableReader.ReadTableRecords(String tableName, String tablePath, DateTime startTime, DateTime endTime)
   at Microsoft.Azure.Plugins.Diagnostics.dll.MAStatusWriter.UpdateStatusReport(Object sender, ElapsedEventArgs e)
DiagnosticsPlugin.exe Error: 0 : [2020-06-08 09:53:57] Microsoft.Cis.Monitoring.Query.QueryException: ErrorFail
   at Microsoft.Cis.Monitoring.Query.QueryLocalTable..ctor(String TableName, String TablePath)
   at ApplicationInsightsExtension.MATableReader.ReadTableRecords(String tableName, String tablePath, DateTime startTime, DateTime endTime)
   at Microsoft.Azure.Plugins.Diagnostics.dll.MAStatusWriter.UpdateStatusReport(Object sender, ElapsedEventArgs e)
DiagnosticsPlugin.exe Error: 0 : [2020-06-08 09:54:27] Microsoft.Cis.Monitoring.Query.QueryException: ErrorFail
   at Microsoft.Cis.Monitoring.Query.QueryLocalTable..ctor(String TableName, String TablePath)
   at ApplicationInsightsExtension.MATableReader.ReadTableRecords(String tableName, String tablePath, DateTime startTime, DateTime endTime)
   at Microsoft.Azure.Plugins.Diagnostics.dll.MAStatusWriter.UpdateStatusReport(Object sender, ElapsedEventArgs e)
DiagnosticsPlugin.exe Error: 0 : [2020-06-08 09:54:57] Microsoft.Cis.Monitoring.Query.QueryException: ErrorFail
   at Microsoft.Cis.Monitoring.Query.QueryLocalTable..ctor(String TableName, String TablePath)
   at ApplicationInsightsExtension.MATableReader.ReadTableRecords(String tableName, String tablePath, DateTime startTime, DateTime endTime)
   at Microsoft.Azure.Plugins.Diagnostics.dll.MAStatusWriter.UpdateStatusReport(Object sender, ElapsedEventArgs e)
DiagnosticsPlugin.exe Error: 0 : [2020-06-08 09:55:27] Microsoft.Cis.Monitoring.Query.QueryException: ErrorFail
   at Microsoft.Cis.Monitoring.Query.QueryLocalTable..ctor(String TableName, String TablePath)
   at ApplicationInsightsExtension.MATableReader.ReadTableRecords(String tableName, String tablePath, DateTime startTime, DateTime endTime)
   at Microsoft.Azure.Plugins.Diagnostics.dll.MAStatusWriter.UpdateStatusReport(Object sender, ElapsedEventArgs e)
DiagnosticsPlugin.exe Error: 0 : [2020-06-08 09:55:57] Microsoft.Cis.Monitoring.Query.QueryException: ErrorFail
   at Microsoft.Cis.Monitoring.Query.QueryLocalTable..ctor(String TableName, String TablePath)
   at ApplicationInsightsExtension.MATableReader.ReadTableRecords(String tableName, String tablePath, DateTime startTime, DateTime endTime)
   at Microsoft.Azure.Plugins.Diagnostics.dll.MAStatusWriter.UpdateStatusReport(Object sender, ElapsedEventArgs e)
DiagnosticsPlugin.exe Error: 0 : [2020-06-08 09:56:27] Microsoft.Cis.Monitoring.Query.QueryException: ErrorFail
   at Microsoft.Cis.Monitoring.Query.QueryLocalTable..ctor(String TableName, String TablePath)
   at ApplicationInsightsExtension.MATableReader.ReadTableRecords(String tableName, String tablePath, DateTime startTime, DateTime endTime)
   at Microsoft.Azure.Plugins.Diagnostics.dll.MAStatusWriter.UpdateStatusReport(Object sender, ElapsedEventArgs e)
DiagnosticsPlugin.exe Error: 0 : [2020-06-08 09:56:57] Microsoft.Cis.Monitoring.Query.QueryException: ErrorFail
   at Microsoft.Cis.Monitoring.Query.QueryLocalTable..ctor(String TableName, String TablePath)
   at ApplicationInsightsExtension.MATableReader.ReadTableRecords(String tableName, String tablePath, DateTime startTime, DateTime endTime)
   at Microsoft.Azure.Plugins.Diagnostics.dll.MAStatusWriter.UpdateStatusReport(Object sender, ElapsedEventArgs e)
DiagnosticsPlugin.exe Error: 0 : [2020-06-08 09:57:27] Microsoft.Cis.Monitoring.Query.QueryException: ErrorFail
   at Microsoft.Cis.Monitoring.Query.QueryLocalTable..ctor(String TableName, String TablePath)
   at ApplicationInsightsExtension.MATableReader.ReadTableRecords(String tableName, String tablePath, DateTime startTime, DateTime endTime)
   at Microsoft.Azure.Plugins.Diagnostics.dll.MAStatusWriter.UpdateStatusReport(Object sender, ElapsedEventArgs e)
DiagnosticsPlugin.exe Error: 0 : [2020-06-08 09:57:57] Microsoft.Cis.Monitoring.Query.QueryException: ErrorFail
   at Microsoft.Cis.Monitoring.Query.QueryLocalTable..ctor(String TableName, String TablePath)
   at ApplicationInsightsExtension.MATableReader.ReadTableRecords(String tableName, String tablePath, DateTime startTime, DateTime endTime)
   at Microsoft.Azure.Plugins.Diagnostics.dll.MAStatusWriter.UpdateStatusReport(Object sender, ElapsedEventArgs e)
DiagnosticsPlugin.exe Error: 0 : [2020-06-08 09:58:27] Microsoft.Cis.Monitoring.Query.QueryException: ErrorFail
   at Microsoft.Cis.Monitoring.Query.QueryLocalTable..ctor(String TableName, String TablePath)
   at ApplicationInsightsExtension.MATableReader.ReadTableRecords(String tableName, String tablePath, DateTime startTime, DateTime endTime)
   at Microsoft.Azure.Plugins.Diagnostics.dll.MAStatusWriter.UpdateStatusReport(Object sender, ElapsedEventArgs e)
DiagnosticsPlugin.exe Error: 0 : [2020-06-08 09:58:57] Microsoft.Cis.Monitoring.Query.QueryException: ErrorFail
   at Microsoft.Cis.Monitoring.Query.QueryLocalTable..ctor(String TableName, String TablePath)
   at ApplicationInsightsExtension.MATableReader.ReadTableRecords(String tableName, String tablePath, DateTime startTime, DateTime endTime)
   at Microsoft.Azure.Plugins.Diagnostics.dll.MAStatusWriter.UpdateStatusReport(Object sender, ElapsedEventArgs e)
DiagnosticsPlugin.exe Error: 0 : [2020-06-08 09:59:27] Microsoft.Cis.Monitoring.Query.QueryException: ErrorFail
   at Microsoft.Cis.Monitoring.Query.QueryLocalTable..ctor(String TableName, String TablePath)
   at ApplicationInsightsExtension.MATableReader.ReadTableRecords(String tableName, String tablePath, DateTime startTime, DateTime endTime)
   at Microsoft.Azure.Plugins.Diagnostics.dll.MAStatusWriter.UpdateStatusReport(Object sender, ElapsedEventArgs e)
DiagnosticsPlugin.exe Error: 0 : [2020-06-08 09:59:57] Microsoft.Cis.Monitoring.Query.QueryException: ErrorFail
   at Microsoft.Cis.Monitoring.Query.QueryLocalTable..ctor(String TableName, String TablePath)
   at ApplicationInsightsExtension.MATableReader.ReadTableRecords(String tableName, String tablePath, DateTime startTime, DateTime endTime)
   at Microsoft.Azure.Plugins.Diagnostics.dll.MAStatusWriter.UpdateStatusReport(Object sender, ElapsedEventArgs e)
DiagnosticsPlugin.exe Error: 0 : [2020-06-08 10:00:27] Microsoft.Cis.Monitoring.Query.QueryException: ErrorFail
   at Microsoft.Cis.Monitoring.Query.QueryLocalTable..ctor(String TableName, String TablePath)
   at ApplicationInsightsExtension.MATableReader.ReadTableRecords(String tableName, String tablePath, DateTime startTime, DateTime endTime)
   at Microsoft.Azure.Plugins.Diagnostics.dll.MAStatusWriter.UpdateStatusReport(Object sender, ElapsedEventArgs e)
DiagnosticsPlugin.exe Error: 0 : [2020-06-08 10:00:57] Microsoft.Cis.Monitoring.Query.QueryException: ErrorFail
   at Microsoft.Cis.Monitoring.Query.QueryLocalTable..ctor(String TableName, String TablePath)
   at ApplicationInsightsExtension.MATableReader.ReadTableRecords(String tableName, String tablePath, DateTime startTime, DateTime endTime)
   at Microsoft.Azure.Plugins.Diagnostics.dll.MAStatusWriter.UpdateStatusReport(Object sender, ElapsedEventArgs e)
DiagnosticsPlugin.exe Error: 0 : [2020-06-08 10:01:27] Microsoft.Cis.Monitoring.Query.QueryException: ErrorFail
   at Microsoft.Cis.Monitoring.Query.QueryLocalTable..ctor(String TableName, String TablePath)
   at ApplicationInsightsExtension.MATableReader.ReadTableRecords(String tableName, String tablePath, DateTime startTime, DateTime endTime)
   at Microsoft.Azure.Plugins.Diagnostics.dll.MAStatusWriter.UpdateStatusReport(Object sender, ElapsedEventArgs e)
DiagnosticsPlugin.exe Error: 0 : [2020-06-08 10:01:57] Microsoft.Cis.Monitoring.Query.QueryException: ErrorFail
   at Microsoft.Cis.Monitoring.Query.QueryLocalTable..ctor(String TableName, String TablePath)
   at ApplicationInsightsExtension.MATableReader.ReadTableRecords(String tableName, String tablePath, DateTime startTime, DateTime endTime)
   at Microsoft.Azure.Plugins.Diagnostics.dll.MAStatusWriter.UpdateStatusReport(Object sender, ElapsedEventArgs e)
>>>>>>> 3d7a0226bf1494f341873206b875ca42a23143bb
