<<<<<<< HEAD
DiagnosticsPluginLauncher.exe Information: 0 : [2020-05-30 14:26:47] Emulator config file set to C:\Users\lirid\source\repos\LightAnalysis\csx\Debug\roles\Frontend\approot\diagnostics.wadcfgx
DiagnosticsPluginLauncher.exe Information: 0 : [2020-05-30 14:26:47] DiagnosticsStoreRootPath set to: C:\Users\lirid\AppData\Local\dftmp\Resources\372227cc-777a-46d4-9ec4-694da85796ab
DiagnosticsPluginLauncher.exe Information: 0 : [2020-05-30 14:26:47] Loading config file: C:\Users\lirid\source\repos\LightAnalysis\csx\Debug\roles\Frontend\approot\diagnostics.wadcfgx
DiagnosticsPluginLauncher.exe Information: 0 : [2020-05-30 14:26:47] Config file to read: C:\Users\lirid\source\repos\LightAnalysis\csx\Debug\roles\Frontend\approot\diagnostics.wadcfgx
DiagnosticsPluginLauncher.exe Information: 0 : [2020-05-30 14:26:47] Checking VM Type
DiagnosticsPluginLauncher.exe Information: 0 : [2020-05-30 14:26:47] Emulator config file set to C:\Users\lirid\source\repos\LightAnalysis\csx\Debug\roles\Frontend\approot\diagnostics.wadcfgx
DiagnosticsPluginLauncher.exe Information: 0 : [2020-05-30 14:26:47] Extension set to Emulator Mode
DiagnosticsPluginLauncher.exe Information: 0 : [2020-05-30 14:26:47] Reading XML configuration file
DiagnosticsPluginLauncher.exe Information: 0 : [2020-05-30 14:26:47] Bypassing private config decryption
DiagnosticsPluginLauncher.exe Information: 0 : [2020-05-30 14:26:47] Stopping the running plugin, if any
DiagnosticsPluginLauncher.exe Information: 0 : [2020-05-30 14:26:47] No DiagnosticsPlugin is running.
DiagnosticsPluginLauncher.exe Information: 0 : [2020-05-30 14:26:47] Killing any DiagnosticsPlugin that might remain.
DiagnosticsPluginLauncher.exe Information: 0 : [2020-05-30 14:26:47] Killing any MonAgentHost that might remain.
DiagnosticsPluginLauncher.exe Information: 0 : [2020-05-30 14:26:47] Diagnostics plugin stopped successfully
DiagnosticsPluginLauncher.exe Information: 0 : [2020-05-30 14:26:47] Resetting DiagnosticPlugin
=======
DiagnosticsPluginLauncher.exe Information: 0 : [2020-05-30 14:25:21] At least one other instance of the launcher is running. Will wait until they all finish
DiagnosticsPluginLauncher.exe Information: 0 : [2020-05-30 14:25:21] Service running in Emulator Mode, will not wait/kill other instances of the launcher
DiagnosticsPluginLauncher.exe Information: 0 : [2020-05-30 14:25:21] Emulator config file set to C:\Users\Oskar\LightAnalysis\csx\Debug\roles\Frontend\approot\diagnostics.wadcfgx
DiagnosticsPluginLauncher.exe Information: 0 : [2020-05-30 14:25:21] DiagnosticsStoreRootPath set to: C:\Users\Oskar\AppData\Local\dftmp\Resources\4ed4f05c-97ae-4cac-b81d-c95b99e9ae58
DiagnosticsPluginLauncher.exe Information: 0 : [2020-05-30 14:25:21] Loading config file: C:\Users\Oskar\LightAnalysis\csx\Debug\roles\Frontend\approot\diagnostics.wadcfgx
DiagnosticsPluginLauncher.exe Information: 0 : [2020-05-30 14:25:21] Config file to read: C:\Users\Oskar\LightAnalysis\csx\Debug\roles\Frontend\approot\diagnostics.wadcfgx
DiagnosticsPluginLauncher.exe Information: 0 : [2020-05-30 14:25:21] Checking VM Type
DiagnosticsPluginLauncher.exe Information: 0 : [2020-05-30 14:25:21] Emulator config file set to C:\Users\Oskar\LightAnalysis\csx\Debug\roles\Frontend\approot\diagnostics.wadcfgx
DiagnosticsPluginLauncher.exe Information: 0 : [2020-05-30 14:25:21] Extension set to Emulator Mode
DiagnosticsPluginLauncher.exe Information: 0 : [2020-05-30 14:25:21] Reading XML configuration file
DiagnosticsPluginLauncher.exe Information: 0 : [2020-05-30 14:25:21] Bypassing private config decryption
DiagnosticsPluginLauncher.exe Information: 0 : [2020-05-30 14:25:21] Stopping the running plugin, if any
DiagnosticsPluginLauncher.exe Information: 0 : [2020-05-30 14:25:21] No DiagnosticsPlugin is running.
DiagnosticsPluginLauncher.exe Information: 0 : [2020-05-30 14:25:21] Killing any DiagnosticsPlugin that might remain.
DiagnosticsPluginLauncher.exe Information: 0 : [2020-05-30 14:25:21] Killing any MonAgentHost that might remain.
DiagnosticsPluginLauncher.exe Information: 0 : [2020-05-30 14:25:21] Diagnostics plugin stopped successfully
DiagnosticsPluginLauncher.exe Information: 0 : [2020-05-30 14:25:21] Resetting DiagnosticPlugin
>>>>>>> 82670aeca625ffbb9727c05e93f9657c70a1de9e
